{"/Users/rita/Desktop/backend-project-lvl2/src/index.js": {"path":"/Users/rita/Desktop/backend-project-lvl2/src/index.js","statementMap":{"0":{"start":{"line":5,"column":16},"end":{"line":69,"column":1}},"1":{"start":{"line":6,"column":16},"end":{"line":6,"column":75}},"2":{"start":{"line":7,"column":16},"end":{"line":7,"column":75}},"3":{"start":{"line":9,"column":16},"end":{"line":9,"column":58}},"4":{"start":{"line":10,"column":16},"end":{"line":10,"column":58}},"5":{"start":{"line":12,"column":16},"end":{"line":12,"column":29}},"6":{"start":{"line":13,"column":16},"end":{"line":13,"column":29}},"7":{"start":{"line":14,"column":15},"end":{"line":14,"column":36}},"8":{"start":{"line":16,"column":17},"end":{"line":44,"column":4}},"9":{"start":{"line":17,"column":4},"end":{"line":23,"column":5}},"10":{"start":{"line":18,"column":6},"end":{"line":22,"column":8}},"11":{"start":{"line":24,"column":4},"end":{"line":30,"column":5}},"12":{"start":{"line":25,"column":6},"end":{"line":29,"column":8}},"13":{"start":{"line":31,"column":4},"end":{"line":38,"column":5}},"14":{"start":{"line":32,"column":6},"end":{"line":37,"column":8}},"15":{"start":{"line":39,"column":4},"end":{"line":43,"column":6}},"16":{"start":{"line":46,"column":28},"end":{"line":46,"column":60}},"17":{"start":{"line":46,"column":53},"end":{"line":46,"column":58}},"18":{"start":{"line":49,"column":36},"end":{"line":65,"column":8}},"19":{"start":{"line":50,"column":4},"end":{"line":52,"column":5}},"20":{"start":{"line":51,"column":6},"end":{"line":51,"column":55}},"21":{"start":{"line":53,"column":4},"end":{"line":57,"column":5}},"22":{"start":{"line":54,"column":6},"end":{"line":56,"column":8}},"23":{"start":{"line":58,"column":4},"end":{"line":60,"column":5}},"24":{"start":{"line":59,"column":6},"end":{"line":59,"column":55}},"25":{"start":{"line":61,"column":4},"end":{"line":63,"column":5}},"26":{"start":{"line":62,"column":6},"end":{"line":62,"column":55}},"27":{"start":{"line":64,"column":4},"end":{"line":64,"column":15}},"28":{"start":{"line":68,"column":2},"end":{"line":68,"column":57}}},"fnMap":{"0":{"name":"(anonymous_0)","decl":{"start":{"line":5,"column":16},"end":{"line":5,"column":17}},"loc":{"start":{"line":5,"column":34},"end":{"line":69,"column":1}},"line":5},"1":{"name":"(anonymous_1)","decl":{"start":{"line":16,"column":26},"end":{"line":16,"column":27}},"loc":{"start":{"line":16,"column":35},"end":{"line":44,"column":3}},"line":16},"2":{"name":"(anonymous_2)","decl":{"start":{"line":46,"column":46},"end":{"line":46,"column":47}},"loc":{"start":{"line":46,"column":53},"end":{"line":46,"column":58}},"line":46},"3":{"name":"(anonymous_3)","decl":{"start":{"line":49,"column":61},"end":{"line":49,"column":62}},"loc":{"start":{"line":49,"column":79},"end":{"line":65,"column":3}},"line":49}},"branchMap":{"0":{"loc":{"start":{"line":17,"column":4},"end":{"line":23,"column":5}},"type":"if","locations":[{"start":{"line":17,"column":4},"end":{"line":23,"column":5}},{"start":{"line":17,"column":4},"end":{"line":23,"column":5}}],"line":17},"1":{"loc":{"start":{"line":24,"column":4},"end":{"line":30,"column":5}},"type":"if","locations":[{"start":{"line":24,"column":4},"end":{"line":30,"column":5}},{"start":{"line":24,"column":4},"end":{"line":30,"column":5}}],"line":24},"2":{"loc":{"start":{"line":31,"column":4},"end":{"line":38,"column":5}},"type":"if","locations":[{"start":{"line":31,"column":4},"end":{"line":38,"column":5}},{"start":{"line":31,"column":4},"end":{"line":38,"column":5}}],"line":31},"3":{"loc":{"start":{"line":50,"column":4},"end":{"line":52,"column":5}},"type":"if","locations":[{"start":{"line":50,"column":4},"end":{"line":52,"column":5}},{"start":{"line":50,"column":4},"end":{"line":52,"column":5}}],"line":50},"4":{"loc":{"start":{"line":53,"column":4},"end":{"line":57,"column":5}},"type":"if","locations":[{"start":{"line":53,"column":4},"end":{"line":57,"column":5}},{"start":{"line":53,"column":4},"end":{"line":57,"column":5}}],"line":53},"5":{"loc":{"start":{"line":58,"column":4},"end":{"line":60,"column":5}},"type":"if","locations":[{"start":{"line":58,"column":4},"end":{"line":60,"column":5}},{"start":{"line":58,"column":4},"end":{"line":60,"column":5}}],"line":58},"6":{"loc":{"start":{"line":61,"column":4},"end":{"line":63,"column":5}},"type":"if","locations":[{"start":{"line":61,"column":4},"end":{"line":63,"column":5}},{"start":{"line":61,"column":4},"end":{"line":63,"column":5}}],"line":61}},"s":{"0":1,"1":1,"2":1,"3":1,"4":1,"5":1,"6":1,"7":1,"8":1,"9":5,"10":1,"11":4,"12":2,"13":2,"14":1,"15":1,"16":1,"17":5,"18":1,"19":5,"20":2,"21":5,"22":1,"23":5,"24":1,"25":5,"26":1,"27":5,"28":1},"f":{"0":1,"1":5,"2":5,"3":5},"b":{"0":[1,4],"1":[2,2],"2":[1,1],"3":[2,3],"4":[1,4],"5":[1,4],"6":[1,4]},"inputSourceMap":null,"_coverageSchema":"1a1c01bbd47fc00a2c39e90264f33305004495a9","hash":"d4868aab7feffc274c358daa162183c804cff939"}
}
