TN:
SF:src/index.js
FN:5,(anonymous_0)
FN:16,(anonymous_1)
FN:46,(anonymous_2)
FN:49,(anonymous_3)
FNF:4
FNH:4
FNDA:1,(anonymous_0)
FNDA:5,(anonymous_1)
FNDA:5,(anonymous_2)
FNDA:5,(anonymous_3)
DA:5,1
DA:6,1
DA:7,1
DA:9,1
DA:10,1
DA:12,1
DA:13,1
DA:14,1
DA:16,1
DA:17,5
DA:18,1
DA:24,4
DA:25,2
DA:31,2
DA:32,1
DA:39,1
DA:46,5
DA:49,1
DA:50,5
DA:51,2
DA:53,5
DA:54,1
DA:58,5
DA:59,1
DA:61,5
DA:62,1
DA:64,5
DA:68,1
LF:28
LH:28
BRDA:17,0,0,1
BRDA:17,0,1,4
BRDA:24,1,0,2
BRDA:24,1,1,2
BRDA:31,2,0,1
BRDA:31,2,1,1
BRDA:50,3,0,2
BRDA:50,3,1,3
BRDA:53,4,0,1
BRDA:53,4,1,4
BRDA:58,5,0,1
BRDA:58,5,1,4
BRDA:61,6,0,1
BRDA:61,6,1,4
BRF:14
BRH:14
end_of_record
